<?xml version="1.0" encoding="UTF-8"?>
<testsuite name="com.ostech.mylibrary.ExampleUnitTest" tests="1" skipped="0" failures="0" errors="0" timestamp="2022-01-05T11:25:21" hostname="ma-macbookpro.local" time="0.002">
  <properties/>
  <testcase name="addition_isCorrect" classname="com.ostech.mylibrary.ExampleUnitTest" time="0.002"/>
  <system-out><![CDATA[]]></system-out>
  <system-err><![CDATA[]]></system-err>
</testsuite>
